<?xml version="1.0" encoding="UTF-8"?>
<testng-results ignored="0" total="1" passed="1" failed="0" skipped="0">
  <reporter-output>
  </reporter-output>
  <suite started-at="2025-03-11T10:12:51 IST" name="Default suite" finished-at="2025-03-11T10:13:03 IST" duration-ms="12476">
    <groups>
      <group name="cucumber">
        <method signature="AbstractTestNGCucumberTests.runScenario(io.cucumber.testng.PickleWrapper,io.cucumber.testng.FeatureWrapper)[pri:0, instance:TestRunner.SampletestNg@37ceb1df]" name="runScenario" class="io.cucumber.testng.AbstractTestNGCucumberTests"/>
      </group> <!-- cucumber -->
    </groups>
    <test started-at="2025-03-11T10:12:51 IST" name="Default test" finished-at="2025-03-11T10:13:03 IST" duration-ms="12476">
      <class name="TestRunner.SampletestNg">
        <test-method is-config="true" signature="setUpClass(org.testng.ITestContext)[pri:0, instance:TestRunner.SampletestNg@37ceb1df]" started-at="2025-03-11T10:12:51 IST" name="setUpClass" finished-at="2025-03-11T10:12:52 IST" duration-ms="799" status="PASS">
          <params>
            <param index="0">
              <value>
                <![CDATA[org.testng.TestRunner@62a68bcb]]>
              </value>
            </param>
          </params>
          <reporter-output>
          </reporter-output>
        </test-method> <!-- setUpClass -->
        <test-method signature="runScenario(io.cucumber.testng.PickleWrapper,io.cucumber.testng.FeatureWrapper)[pri:0, instance:TestRunner.SampletestNg@37ceb1df]" started-at="2025-03-11T10:12:52 IST" name="runScenario" description="Runs Cucumber Scenarios" data-provider="scenarios" finished-at="2025-03-11T10:13:03 IST" duration-ms="11533" status="PASS">
          <params>
            <param index="0">
              <value>
                <![CDATA["To check login functinality of the Application"]]>
              </value>
            </param>
            <param index="1">
              <value>
                <![CDATA["Unknown"]]>
              </value>
            </param>
          </params>
          <reporter-output>
          </reporter-output>
        </test-method> <!-- runScenario -->
        <test-method is-config="true" signature="tearDownClass()[pri:0, instance:TestRunner.SampletestNg@37ceb1df]" started-at="2025-03-11T10:13:03 IST" name="tearDownClass" finished-at="2025-03-11T10:13:03 IST" duration-ms="66" status="PASS">
          <reporter-output>
          </reporter-output>
        </test-method> <!-- tearDownClass -->
      </class> <!-- TestRunner.SampletestNg -->
    </test> <!-- Default test -->
  </suite> <!-- Default suite -->
</testng-results>
